  [1m[35m (3.1ms)[0m  [1m[34mSELECT sqlite_version(*)[0m
  [1m[35m (2.1ms)[0m  [1m[35mCREATE TABLE "schema_migrations" ("version" varchar NOT NULL PRIMARY KEY)[0m
  [1m[35m (1.0ms)[0m  [1m[35mCREATE TABLE "ar_internal_metadata" ("key" varchar NOT NULL PRIMARY KEY, "value" varchar, "created_at" datetime(6) NOT NULL, "updated_at" datetime(6) NOT NULL)[0m
  [1m[35m (0.3ms)[0m  [1m[34mSELECT "schema_migrations"."version" FROM "schema_migrations" ORDER BY "schema_migrations"."version" ASC[0m
Migrating to CreateUsers (20191112163342)
  [1m[35m (0.2ms)[0m  [1m[36mbegin transaction[0m
  [1m[35m (1.1ms)[0m  [1m[35mCREATE TABLE "users" ("id" integer PRIMARY KEY AUTOINCREMENT NOT NULL, "name" varchar, "username" varchar, "location" varchar, "password_digest" varchar, "created_at" datetime(6) NOT NULL, "updated_at" datetime(6) NOT NULL)[0m
  [1m[36mprimary::SchemaMigration Create (0.2ms)[0m  [1m[32mINSERT INTO "schema_migrations" ("version") VALUES (?)[0m  [["version", "20191112163342"]]
  [1m[35m (0.9ms)[0m  [1m[36mcommit transaction[0m
Migrating to CreateFavorites (20191112170931)
  [1m[35m (0.1ms)[0m  [1m[36mbegin transaction[0m
  [1m[35m (1.1ms)[0m  [1m[35mCREATE TABLE "favorites" ("id" integer PRIMARY KEY AUTOINCREMENT NOT NULL, "city" varchar, "country" varchar, "created_at" datetime(6) NOT NULL, "updated_at" datetime(6) NOT NULL)[0m
  [1m[36mprimary::SchemaMigration Create (0.3ms)[0m  [1m[32mINSERT INTO "schema_migrations" ("version") VALUES (?)[0m  [["version", "20191112170931"]]
  [1m[35m (0.8ms)[0m  [1m[36mcommit transaction[0m
Migrating to CreateUserFavorites (20191112172459)
  [1m[35m (0.1ms)[0m  [1m[36mbegin transaction[0m
  [1m[35m (0.5ms)[0m  [1m[35mCREATE TABLE "user_favorites" ("id" integer PRIMARY KEY AUTOINCREMENT NOT NULL, "user_id" integer NOT NULL, "favorite_id" integer NOT NULL, "created_at" datetime(6) NOT NULL, "updated_at" datetime(6) NOT NULL, CONSTRAINT "fk_rails_25ed4cb388"
FOREIGN KEY ("user_id")
  REFERENCES "users" ("id")
, CONSTRAINT "fk_rails_802e9aef09"
FOREIGN KEY ("favorite_id")
  REFERENCES "favorites" ("id")
)[0m
  [1m[35m (1.6ms)[0m  [1m[35mCREATE  INDEX "index_user_favorites_on_user_id" ON "user_favorites" ("user_id")[0m
  [1m[35m (0.2ms)[0m  [1m[35mCREATE  INDEX "index_user_favorites_on_favorite_id" ON "user_favorites" ("favorite_id")[0m
  [1m[36mprimary::SchemaMigration Create (0.3ms)[0m  [1m[32mINSERT INTO "schema_migrations" ("version") VALUES (?)[0m  [["version", "20191112172459"]]
  [1m[35m (1.0ms)[0m  [1m[36mcommit transaction[0m
  [1m[36mActiveRecord::InternalMetadata Load (0.3ms)[0m  [1m[34mSELECT "ar_internal_metadata".* FROM "ar_internal_metadata" WHERE "ar_internal_metadata"."key" = ? LIMIT ?[0m  [["key", "environment"], ["LIMIT", 1]]
  [1m[35m (0.1ms)[0m  [1m[36mbegin transaction[0m
  [1m[36mActiveRecord::InternalMetadata Create (0.6ms)[0m  [1m[32mINSERT INTO "ar_internal_metadata" ("key", "value", "created_at", "updated_at") VALUES (?, ?, ?, ?)[0m  [["key", "environment"], ["value", "development"], ["created_at", "2019-11-12 17:31:28.330091"], ["updated_at", "2019-11-12 17:31:28.330091"]]
  [1m[35m (0.8ms)[0m  [1m[36mcommit transaction[0m
  [1m[35m (0.1ms)[0m  [1m[34mSELECT sqlite_version(*)[0m
  [1m[35m (0.2ms)[0m  [1m[34mSELECT "schema_migrations"."version" FROM "schema_migrations" ORDER BY "schema_migrations"."version" ASC[0m
  [1m[35m (1.3ms)[0m  [1m[34mSELECT sqlite_version(*)[0m
  [1m[35m (0.6ms)[0m  [1m[34mSELECT "schema_migrations"."version" FROM "schema_migrations" ORDER BY "schema_migrations"."version" ASC[0m
  [1m[35m (0.1ms)[0m  [1m[34mSELECT sqlite_version(*)[0m
  [1m[36mUser Load (0.6ms)[0m  [1m[34mSELECT "users".* FROM "users"[0m
  [1m[36mFavorite Load (0.6ms)[0m  [1m[34mSELECT "favorites".* FROM "favorites"[0m
  [1m[36mUserFavorite Load (0.5ms)[0m  [1m[34mSELECT "user_favorites".* FROM "user_favorites"[0m
  [1m[35m (0.1ms)[0m  [1m[36mbegin transaction[0m
  [1m[36mUser Create (0.9ms)[0m  [1m[32mINSERT INTO "users" ("name", "username", "location", "password_digest", "created_at", "updated_at") VALUES (?, ?, ?, ?, ?, ?)[0m  [["name", "Andrew"], ["username", "Yardmeat"], ["location", "Denver"], ["password_digest", "awdawdgwefge"], ["created_at", "2019-11-12 17:33:30.082437"], ["updated_at", "2019-11-12 17:33:30.082437"]]
  [1m[35m (0.8ms)[0m  [1m[36mcommit transaction[0m
  [1m[35m (0.1ms)[0m  [1m[36mbegin transaction[0m
  [1m[36mFavorite Create (0.4ms)[0m  [1m[32mINSERT INTO "favorites" ("city", "country", "created_at", "updated_at") VALUES (?, ?, ?, ?)[0m  [["city", "Denver"], ["country", "us"], ["created_at", "2019-11-12 17:33:30.097278"], ["updated_at", "2019-11-12 17:33:30.097278"]]
  [1m[35m (0.7ms)[0m  [1m[36mcommit transaction[0m
  [1m[35m (0.1ms)[0m  [1m[36mbegin transaction[0m
  [1m[36mUserFavorite Create (1.6ms)[0m  [1m[32mINSERT INTO "user_favorites" ("user_id", "favorite_id", "created_at", "updated_at") VALUES (?, ?, ?, ?)[0m  [["user_id", 1], ["favorite_id", 1], ["created_at", "2019-11-12 17:33:30.120514"], ["updated_at", "2019-11-12 17:33:30.120514"]]
  [1m[35m (0.9ms)[0m  [1m[36mcommit transaction[0m
Started GET "/users" for ::1 at 2019-11-12 10:34:07 -0700
  [1m[35m (3.5ms)[0m  [1m[34mSELECT sqlite_version(*)[0m
  [1m[35m (0.7ms)[0m  [1m[34mSELECT "schema_migrations"."version" FROM "schema_migrations" ORDER BY "schema_migrations"."version" ASC[0m
  
ActionController::RoutingError (No route matches [GET] "/users"):
  
actionpack (6.0.1) lib/action_dispatch/middleware/debug_exceptions.rb:36:in `call'
actionpack (6.0.1) lib/action_dispatch/middleware/show_exceptions.rb:33:in `call'
railties (6.0.1) lib/rails/rack/logger.rb:38:in `call_app'
railties (6.0.1) lib/rails/rack/logger.rb:26:in `block in call'
activesupport (6.0.1) lib/active_support/tagged_logging.rb:80:in `block in tagged'
activesupport (6.0.1) lib/active_support/tagged_logging.rb:28:in `tagged'
activesupport (6.0.1) lib/active_support/tagged_logging.rb:80:in `tagged'
railties (6.0.1) lib/rails/rack/logger.rb:26:in `call'
actionpack (6.0.1) lib/action_dispatch/middleware/remote_ip.rb:81:in `call'
actionpack (6.0.1) lib/action_dispatch/middleware/request_id.rb:27:in `call'
rack (2.0.7) lib/rack/runtime.rb:22:in `call'
activesupport (6.0.1) lib/active_support/cache/strategy/local_cache_middleware.rb:29:in `call'
actionpack (6.0.1) lib/action_dispatch/middleware/executor.rb:14:in `call'
actionpack (6.0.1) lib/action_dispatch/middleware/static.rb:126:in `call'
rack (2.0.7) lib/rack/sendfile.rb:111:in `call'
actionpack (6.0.1) lib/action_dispatch/middleware/host_authorization.rb:83:in `call'
rack-cors (1.0.3) lib/rack/cors.rb:95:in `call'
railties (6.0.1) lib/rails/engine.rb:526:in `call'
puma (4.3.0) lib/puma/configuration.rb:228:in `call'
puma (4.3.0) lib/puma/server.rb:667:in `handle_request'
puma (4.3.0) lib/puma/server.rb:470:in `process_client'
puma (4.3.0) lib/puma/server.rb:328:in `block in run'
puma (4.3.0) lib/puma/thread_pool.rb:134:in `block in spawn_thread'
Started GET "/" for ::1 at 2019-11-12 10:34:16 -0700
Processing by Rails::WelcomeController#index as */*
  Parameters: {"rating"=>5, "type"=>"Plain", "welcome"=>{"rating"=>5, "type"=>"Plain"}}
  Rendering /Users/Yardmeat/.rvm/gems/ruby-2.6.1/gems/railties-6.0.1/lib/rails/templates/rails/welcome/index.html.erb
  Rendered /Users/Yardmeat/.rvm/gems/ruby-2.6.1/gems/railties-6.0.1/lib/rails/templates/rails/welcome/index.html.erb (Duration: 18.4ms | Allocations: 482)
Completed 200 OK in 94ms (Views: 30.2ms | ActiveRecord: 0.0ms | Allocations: 2684)


Started GET "/users" for ::1 at 2019-11-12 10:35:15 -0700
  [1m[35m (1.5ms)[0m  [1m[34mSELECT sqlite_version(*)[0m
  [1m[35m (0.6ms)[0m  [1m[34mSELECT "schema_migrations"."version" FROM "schema_migrations" ORDER BY "schema_migrations"."version" ASC[0m
Processing by UsersController#index as */*
  Parameters: {"rating"=>5, "type"=>"Plain", "user"=>{}}
  [1m[36mUser Load (0.6ms)[0m  [1m[34mSELECT "users".* FROM "users"[0m
  ↳ app/controllers/users_controller.rb:5:in `index'
Completed 200 OK in 35ms (Views: 19.1ms | ActiveRecord: 15.7ms | Allocations: 5272)


Started GET "/users/1" for ::1 at 2019-11-12 10:35:21 -0700
Processing by UsersController#show as */*
  Parameters: {"rating"=>5, "type"=>"Plain", "id"=>"1", "user"=>{}}
  [1m[36mUser Load (1.0ms)[0m  [1m[34mSELECT "users".* FROM "users" WHERE "users"."id" = ? LIMIT ?[0m  [["id", 1], ["LIMIT", 1]]
  ↳ app/controllers/users_controller.rb:9:in `show'
Completed 200 OK in 6ms (Views: 0.6ms | ActiveRecord: 1.0ms | Allocations: 1162)


  [1m[35m (1.5ms)[0m  [1m[34mSELECT sqlite_version(*)[0m
  [1m[36mUser Load (0.6ms)[0m  [1m[34mSELECT "users".* FROM "users" LIMIT ?[0m  [["LIMIT", 11]]
  [1m[36mUser Load (0.4ms)[0m  [1m[34mSELECT "users".* FROM "users" ORDER BY "users"."id" ASC LIMIT ?[0m  [["LIMIT", 1]]
  [1m[36mUser Load (0.3ms)[0m  [1m[34mSELECT "users".* FROM "users" ORDER BY "users"."id" ASC LIMIT ?[0m  [["LIMIT", 1]]
  [1m[36mUser Load (0.3ms)[0m  [1m[34mSELECT "users".* FROM "users" ORDER BY "users"."id" ASC LIMIT ?[0m  [["LIMIT", 1]]
  [1m[36mUser Load (0.3ms)[0m  [1m[34mSELECT "users".* FROM "users" ORDER BY "users"."id" ASC LIMIT ?[0m  [["LIMIT", 1]]
  [1m[36mUser Load (0.3ms)[0m  [1m[34mSELECT "users".* FROM "users" ORDER BY "users"."id" ASC LIMIT ?[0m  [["LIMIT", 1]]
  [1m[36mUser Load (0.3ms)[0m  [1m[34mSELECT "users".* FROM "users" ORDER BY "users"."id" ASC LIMIT ?[0m  [["LIMIT", 1]]
  [1m[36mFavorite Load (0.7ms)[0m  [1m[34mSELECT "favorites".* FROM "favorites" LIMIT ?[0m  [["LIMIT", 11]]
  [1m[36mUserFavorite Load (0.7ms)[0m  [1m[34mSELECT "user_favorites".* FROM "user_favorites" LIMIT ?[0m  [["LIMIT", 11]]
  [1m[36mUser Load (0.2ms)[0m  [1m[34mSELECT "users".* FROM "users" ORDER BY "users"."id" ASC LIMIT ?[0m  [["LIMIT", 1]]
  [1m[36mUser Load (0.2ms)[0m  [1m[34mSELECT "users".* FROM "users" ORDER BY "users"."id" ASC LIMIT ?[0m  [["LIMIT", 1]]
  [1m[36mUser Load (0.3ms)[0m  [1m[34mSELECT "users".* FROM "users" ORDER BY "users"."id" ASC LIMIT ?[0m  [["LIMIT", 1]]
  [1m[35m (1.3ms)[0m  [1m[34mSELECT sqlite_version(*)[0m
  [1m[36mUser Load (0.6ms)[0m  [1m[34mSELECT "users".* FROM "users" ORDER BY "users"."id" ASC LIMIT ?[0m  [["LIMIT", 1]]
  [1m[36mUser Load (0.3ms)[0m  [1m[34mSELECT "users".* FROM "users" ORDER BY "users"."id" ASC LIMIT ?[0m  [["LIMIT", 1]]
  [1m[36mUser Load (0.3ms)[0m  [1m[34mSELECT "users".* FROM "users" ORDER BY "users"."id" ASC LIMIT ?[0m  [["LIMIT", 1]]
  [1m[36mUser Load (0.3ms)[0m  [1m[34mSELECT "users".* FROM "users" ORDER BY "users"."id" ASC LIMIT ?[0m  [["LIMIT", 1]]
  [1m[35m (1.4ms)[0m  [1m[34mSELECT sqlite_version(*)[0m
  [1m[36mUser Load (0.6ms)[0m  [1m[34mSELECT "users".* FROM "users" ORDER BY "users"."id" ASC LIMIT ?[0m  [["LIMIT", 1]]
  [1m[35m (0.7ms)[0m  [1m[34mSELECT sqlite_version(*)[0m
  [1m[36mUser Load (0.3ms)[0m  [1m[34mSELECT "users".* FROM "users" ORDER BY "users"."id" ASC LIMIT ?[0m  [["LIMIT", 1]]
  [1m[36mFavorite Load (1.5ms)[0m  [1m[34mSELECT "favorites".* FROM "favorites" INNER JOIN "user_favorites" ON "favorites"."id" = "user_favorites"."favorite_id" WHERE "user_favorites"."user_id" = ? LIMIT ?[0m  [["user_id", 1], ["LIMIT", 11]]
  [1m[35m (1.6ms)[0m  [1m[34mSELECT sqlite_version(*)[0m
  [1m[35m (0.6ms)[0m  [1m[34mSELECT "schema_migrations"."version" FROM "schema_migrations" ORDER BY "schema_migrations"."version" ASC[0m
  [1m[35m (0.9ms)[0m  [1m[34mSELECT "ar_internal_metadata"."value" FROM "ar_internal_metadata" WHERE "ar_internal_metadata"."key" = ?[0m  [["key", "environment"]]
  [1m[35m (0.2ms)[0m  [1m[34mSELECT "schema_migrations"."version" FROM "schema_migrations" ORDER BY "schema_migrations"."version" ASC[0m
  [1m[35m (0.1ms)[0m  [1m[34mSELECT "ar_internal_metadata"."value" FROM "ar_internal_metadata" WHERE "ar_internal_metadata"."key" = ?[0m  [["key", "environment"]]
  [1m[35m (0.1ms)[0m  [1m[34mSELECT "schema_migrations"."version" FROM "schema_migrations" ORDER BY "schema_migrations"."version" ASC[0m
  [1m[35m (0.1ms)[0m  [1m[34mSELECT "ar_internal_metadata"."value" FROM "ar_internal_metadata" WHERE "ar_internal_metadata"."key" = ?[0m  [["key", "environment"]]
  [1m[35m (1.8ms)[0m  [1m[34mSELECT sqlite_version(*)[0m
  [1m[35m (1.3ms)[0m  [1m[35mCREATE TABLE "schema_migrations" ("version" varchar NOT NULL PRIMARY KEY)[0m
  [1m[35m (1.1ms)[0m  [1m[35mCREATE TABLE "ar_internal_metadata" ("key" varchar NOT NULL PRIMARY KEY, "value" varchar, "created_at" datetime(6) NOT NULL, "updated_at" datetime(6) NOT NULL)[0m
  [1m[35m (0.3ms)[0m  [1m[34mSELECT "schema_migrations"."version" FROM "schema_migrations" ORDER BY "schema_migrations"."version" ASC[0m
  [1m[35m (0.1ms)[0m  [1m[34mSELECT "schema_migrations"."version" FROM "schema_migrations" ORDER BY "schema_migrations"."version" ASC[0m
  [1m[35m (0.1ms)[0m  [1m[34mSELECT "schema_migrations"."version" FROM "schema_migrations" ORDER BY "schema_migrations"."version" ASC[0m
  [1m[35m (0.1ms)[0m  [1m[34mSELECT sqlite_version(*)[0m
  [1m[35m (0.1ms)[0m  [1m[34mSELECT "schema_migrations"."version" FROM "schema_migrations" ORDER BY "schema_migrations"."version" ASC[0m
  [1m[35m (1.3ms)[0m  [1m[34mSELECT sqlite_version(*)[0m
  [1m[35m (0.6ms)[0m  [1m[34mSELECT "schema_migrations"."version" FROM "schema_migrations" ORDER BY "schema_migrations"."version" ASC[0m
Migrating to CreateUsers (20191112163342)
  [1m[35m (0.1ms)[0m  [1m[36mbegin transaction[0m
  [1m[35m (0.9ms)[0m  [1m[35mCREATE TABLE "users" ("id" integer PRIMARY KEY AUTOINCREMENT NOT NULL, "name" varchar, "username" varchar, "location" varchar, "password_digest" varchar, "created_at" datetime(6) NOT NULL, "updated_at" datetime(6) NOT NULL)[0m
  [1m[36mprimary::SchemaMigration Create (0.6ms)[0m  [1m[32mINSERT INTO "schema_migrations" ("version") VALUES (?)[0m  [["version", "20191112163342"]]
  [1m[35m (0.8ms)[0m  [1m[36mcommit transaction[0m
Migrating to CreateFavorites (20191112170931)
  [1m[35m (0.1ms)[0m  [1m[36mbegin transaction[0m
  [1m[35m (0.5ms)[0m  [1m[35mCREATE TABLE "favorites" ("id" integer PRIMARY KEY AUTOINCREMENT NOT NULL, "city" varchar, "country" varchar, "created_at" datetime(6) NOT NULL, "updated_at" datetime(6) NOT NULL)[0m
  [1m[36mprimary::SchemaMigration Create (0.2ms)[0m  [1m[32mINSERT INTO "schema_migrations" ("version") VALUES (?)[0m  [["version", "20191112170931"]]
  [1m[35m (0.8ms)[0m  [1m[36mcommit transaction[0m
Migrating to CreateUserFavorites (20191112172459)
  [1m[35m (0.1ms)[0m  [1m[36mbegin transaction[0m
  [1m[35m (0.7ms)[0m  [1m[35mCREATE TABLE "user_favorites" ("id" integer PRIMARY KEY AUTOINCREMENT NOT NULL, "user_id" integer NOT NULL, "favorite_id" integer NOT NULL, "created_at" datetime(6) NOT NULL, "updated_at" datetime(6) NOT NULL, CONSTRAINT "fk_rails_25ed4cb388"
FOREIGN KEY ("user_id")
  REFERENCES "users" ("id")
, CONSTRAINT "fk_rails_802e9aef09"
FOREIGN KEY ("favorite_id")
  REFERENCES "favorites" ("id")
)[0m
  [1m[35m (0.2ms)[0m  [1m[35mCREATE  INDEX "index_user_favorites_on_user_id" ON "user_favorites" ("user_id")[0m
  [1m[35m (0.2ms)[0m  [1m[35mCREATE  INDEX "index_user_favorites_on_favorite_id" ON "user_favorites" ("favorite_id")[0m
  [1m[36mprimary::SchemaMigration Create (0.3ms)[0m  [1m[32mINSERT INTO "schema_migrations" ("version") VALUES (?)[0m  [["version", "20191112172459"]]
  [1m[35m (0.9ms)[0m  [1m[36mcommit transaction[0m
  [1m[36mActiveRecord::InternalMetadata Load (0.6ms)[0m  [1m[34mSELECT "ar_internal_metadata".* FROM "ar_internal_metadata" WHERE "ar_internal_metadata"."key" = ? LIMIT ?[0m  [["key", "environment"], ["LIMIT", 1]]
  [1m[35m (0.1ms)[0m  [1m[36mbegin transaction[0m
  [1m[36mActiveRecord::InternalMetadata Create (0.8ms)[0m  [1m[32mINSERT INTO "ar_internal_metadata" ("key", "value", "created_at", "updated_at") VALUES (?, ?, ?, ?)[0m  [["key", "environment"], ["value", "development"], ["created_at", "2019-11-12 18:08:09.765314"], ["updated_at", "2019-11-12 18:08:09.765314"]]
  [1m[35m (0.7ms)[0m  [1m[36mcommit transaction[0m
  [1m[35m (0.1ms)[0m  [1m[34mSELECT sqlite_version(*)[0m
  [1m[35m (0.2ms)[0m  [1m[34mSELECT "schema_migrations"."version" FROM "schema_migrations" ORDER BY "schema_migrations"."version" ASC[0m
Started POST "/users" for ::1 at 2019-11-12 12:11:34 -0700
  [1m[35m (2.5ms)[0m  [1m[34mSELECT sqlite_version(*)[0m
  [1m[35m (0.6ms)[0m  [1m[34mSELECT "schema_migrations"."version" FROM "schema_migrations" ORDER BY "schema_migrations"."version" ASC[0m
Processing by UsersController#create as */*
  Parameters: {"username"=>"Yardmeat", "name"=>"Andrew", "password"=>"[FILTERED]", "user"=>{"name"=>"Andrew", "username"=>"Yardmeat"}}
[active_model_serializers] Rendered ActiveModel::Serializer::Null with Hash (0.56ms)
Completed 406 Not Acceptable in 4015ms (Views: 4.9ms | ActiveRecord: 1.2ms | Allocations: 770123)


Started POST "/users" for ::1 at 2019-11-12 12:12:39 -0700
Processing by UsersController#create as */*
  Parameters: {"username"=>"Yardmeat", "name"=>"Andrew", "password"=>"[FILTERED]", "user"=>{"name"=>"Andrew", "username"=>"Yardmeat"}}
[active_model_serializers] Rendered ActiveModel::Serializer::Null with Hash (0.12ms)
Completed 406 Not Acceptable in 4ms (Views: 0.8ms | ActiveRecord: 0.0ms | Allocations: 1117)


Started POST "/users" for ::1 at 2019-11-12 12:15:09 -0700
Processing by UsersController#create as */*
  Parameters: {"username"=>"Yardmeat", "name"=>"Andrew", "password_digest"=>"[FILTERED]", "user"=>{"name"=>"Andrew", "username"=>"Yardmeat", "password_digest"=>"[FILTERED]"}}
[31mUnpermitted parameter: :password_digest[0m
[active_model_serializers] Rendered ActiveModel::Serializer::Null with Hash (0.12ms)
Completed 406 Not Acceptable in 4ms (Views: 0.7ms | ActiveRecord: 0.0ms | Allocations: 1152)


Started POST "/users" for ::1 at 2019-11-12 12:16:12 -0700
  [1m[35m (0.2ms)[0m  [1m[34mSELECT sqlite_version(*)[0m
Processing by UsersController#create as */*
  Parameters: {"username"=>"Yardmeat", "name"=>"Andrew", "password_digest"=>"[FILTERED]", "user"=>{"name"=>"Andrew", "username"=>"Yardmeat", "password_digest"=>"[FILTERED]"}}
[31mUnpermitted parameter: :password_digest[0m
Completed 500 Internal Server Error in 19925ms (ActiveRecord: 2.0ms | Allocations: 56190)


  
SystemExit (exit):
  
(byebug):1:in `exit'
(byebug):1:in `create'
app/controllers/users_controller.rb:18:in `create'
Started POST "/users" for ::1 at 2019-11-12 12:16:49 -0700
Processing by UsersController#create as */*
  Parameters: {"username"=>"Yardmeat", "name"=>"Andrew", "password"=>"[FILTERED]", "user"=>{"name"=>"Andrew", "username"=>"Yardmeat"}}
Completed 500 Internal Server Error in 126093ms (ActiveRecord: 0.0ms | Allocations: 241489)


  
SystemExit (exit):
  
(byebug):1:in `exit'
(byebug):1:in `create'
app/controllers/users_controller.rb:18:in `create'
Started POST "/users" for ::1 at 2019-11-12 12:19:00 -0700
  [1m[35m (20.1ms)[0m  [1m[34mSELECT sqlite_version(*)[0m
Processing by UsersController#create as */*
  Parameters: {"username"=>"Yardmeat", "name"=>"Andrew", "password"=>"[FILTERED]", "user"=>{"name"=>"Andrew", "username"=>"Yardmeat"}}
Completed 500 Internal Server Error in 196ms (ActiveRecord: 13.5ms | Allocations: 621084)


  
ActiveModel::ForbiddenAttributesError (ActiveModel::ForbiddenAttributesError):
  
app/controllers/users_controller.rb:16:in `create'
Started POST "/users" for ::1 at 2019-11-12 12:19:47 -0700
  [1m[35m (4.5ms)[0m  [1m[34mSELECT sqlite_version(*)[0m
  [1m[35m (0.6ms)[0m  [1m[34mSELECT "schema_migrations"."version" FROM "schema_migrations" ORDER BY "schema_migrations"."version" ASC[0m
Processing by UsersController#create as */*
  Parameters: {"username"=>"Yardmeat", "name"=>"Andrew", "password"=>"[FILTERED]", "user"=>{"name"=>"Andrew", "username"=>"Yardmeat"}}
Completed 500 Internal Server Error in 26ms (ActiveRecord: 2.3ms | Allocations: 4425)


  
ActiveModel::ForbiddenAttributesError (ActiveModel::ForbiddenAttributesError):
  
app/controllers/users_controller.rb:16:in `create'
Started POST "/users" for ::1 at 2019-11-12 12:20:21 -0700
  [1m[35m (1.4ms)[0m  [1m[34mSELECT sqlite_version(*)[0m
  [1m[35m (0.6ms)[0m  [1m[34mSELECT "schema_migrations"."version" FROM "schema_migrations" ORDER BY "schema_migrations"."version" ASC[0m
Processing by UsersController#create as */*
  Parameters: {"username"=>"Yardmeat", "name"=>"Andrew", "password"=>"[FILTERED]", "user"=>{"name"=>"Andrew", "username"=>"Yardmeat"}}
Completed 500 Internal Server Error in 21ms (ActiveRecord: 1.1ms | Allocations: 4407)


  
ArgumentError (When assigning attributes, you must pass a hash as an argument, String passed.):
  
app/controllers/users_controller.rb:16:in `create'
Started POST "/users" for ::1 at 2019-11-12 12:20:52 -0700
  [1m[35m (0.1ms)[0m  [1m[34mSELECT sqlite_version(*)[0m
Processing by UsersController#create as */*
  Parameters: {"username"=>"Yardmeat", "name"=>"Andrew", "password"=>"[FILTERED]", "user"=>{"name"=>"Andrew", "username"=>"Yardmeat"}}
Completed 500 Internal Server Error in 130710ms (ActiveRecord: 0.7ms | Allocations: 80927)


  
SystemExit (exit):
  
(byebug):1:in `exit'
(byebug):1:in `create'
app/controllers/users_controller.rb:18:in `create'
Started POST "/users" for ::1 at 2019-11-12 12:23:10 -0700
  [1m[35m (1.8ms)[0m  [1m[34mSELECT sqlite_version(*)[0m
Processing by UsersController#create as */*
  Parameters: {"username"=>"Yardmeat", "name"=>"Andrew", "password"=>"[FILTERED]", "user"=>{"name"=>"Andrew", "username"=>"Yardmeat"}}
  [1m[35m (1.1ms)[0m  [1m[36mbegin transaction[0m
  ↳ app/controllers/users_controller.rb:17:in `create'
  [1m[36mUser Create (8.1ms)[0m  [1m[32mINSERT INTO "users" ("name", "username", "password_digest", "created_at", "updated_at") VALUES (?, ?, ?, ?, ?)[0m  [["name", "Andrew"], ["username", "Yardmeat"], ["password_digest", "$2a$12$jKjRoeU0vwkDMNVOH5AlPOerCVOp8ZPWZA6HM/EVg.JNdri.aeEfa"], ["created_at", "2019-11-12 19:23:17.664794"], ["updated_at", "2019-11-12 19:23:17.664794"]]
  ↳ app/controllers/users_controller.rb:17:in `create'
  [1m[35m (2.6ms)[0m  [1m[36mcommit transaction[0m
  ↳ app/controllers/users_controller.rb:17:in `create'
[active_model_serializers] Rendered ActiveModel::Serializer::Null with Hash (8.32ms)
Completed 201 Created in 912ms (Views: 54.0ms | ActiveRecord: 24.8ms | Allocations: 1226001)


Started POST "/users" for ::1 at 2019-11-12 13:00:24 -0700
  [1m[35m (10.0ms)[0m  [1m[34mSELECT sqlite_version(*)[0m
  
SyntaxError (/Users/Yardmeat/Desktop/Weather/back-weather/app/controllers/users_controller.rb:21: syntax error, unexpected tIDENTIFIER, expecting ')'
            password_digest: encrypted_password
            ^~~~~~~~~~~~~~~):
  
app/controllers/users_controller.rb:21: syntax error, unexpected tIDENTIFIER, expecting ')'
app/controllers/users_controller.rb:21: syntax error, unexpected tIDENTIFIER, expecting ')'
Started POST "/users" for ::1 at 2019-11-12 13:02:22 -0700
  [1m[35m (5.9ms)[0m  [1m[34mSELECT sqlite_version(*)[0m
Processing by UsersController#create as */*
  Parameters: {"username"=>"FTSN Nation", "name"=>"Gage", "location"=>"Denver", "password"=>"[FILTERED]", "user"=>{"name"=>"Gage", "username"=>"FTSN Nation", "location"=>"Denver"}}
  [1m[35m (2.2ms)[0m  [1m[36mbegin transaction[0m
  ↳ app/controllers/users_controller.rb:17:in `create'
  [1m[36mUser Create (5.4ms)[0m  [1m[32mINSERT INTO "users" ("name", "username", "location", "password_digest", "created_at", "updated_at") VALUES (?, ?, ?, ?, ?, ?)[0m  [["name", "Gage"], ["username", "FTSN Nation"], ["location", "Denver"], ["password_digest", "$2a$12$BpGfr5gB4jS63W8fbZqeVOCsw.uxs5xoXbpfXsEqxr/r8JdaJjDhC"], ["created_at", "2019-11-12 20:02:45.624941"], ["updated_at", "2019-11-12 20:02:45.624941"]]
  ↳ app/controllers/users_controller.rb:17:in `create'
  [1m[35m (6.4ms)[0m  [1m[36mcommit transaction[0m
  ↳ app/controllers/users_controller.rb:17:in `create'
[active_model_serializers] Rendered ActiveModel::Serializer::Null with Hash (285.35ms)
Completed 201 Created in 4245ms (Views: 577.2ms | ActiveRecord: 65.4ms | Allocations: 2475906)


Started POST "/users" for ::1 at 2019-11-12 14:47:50 -0700
  [1m[35m (2.4ms)[0m  [1m[34mSELECT sqlite_version(*)[0m
Processing by UsersController#create as */*
  [1m[35m (1.2ms)[0m  [1m[36mbegin transaction[0m
  ↳ app/controllers/users_controller.rb:17:in `create'
  [1m[36mUser Create (5.0ms)[0m  [1m[32mINSERT INTO "users" ("password_digest", "created_at", "updated_at") VALUES (?, ?, ?)[0m  [["password_digest", "$2a$12$lGHaDb6nYza4gUK1/Fly4u3pIc581DJfgwXU85kQ8w8tswO5R3ymu"], ["created_at", "2019-11-12 21:47:54.586568"], ["updated_at", "2019-11-12 21:47:54.586568"]]
  ↳ app/controllers/users_controller.rb:17:in `create'
  [1m[35m (3.7ms)[0m  [1m[36mcommit transaction[0m
  ↳ app/controllers/users_controller.rb:17:in `create'
[active_model_serializers] Rendered ActiveModel::Serializer::Null with Hash (15.58ms)
Completed 201 Created in 942ms (Views: 58.8ms | ActiveRecord: 9.9ms | Allocations: 2427673)


Started POST "/users" for ::1 at 2019-11-12 15:07:36 -0700
  [1m[35m (1.3ms)[0m  [1m[34mSELECT sqlite_version(*)[0m
  [1m[35m (0.5ms)[0m  [1m[34mSELECT "schema_migrations"."version" FROM "schema_migrations" ORDER BY "schema_migrations"."version" ASC[0m
Processing by UsersController#create as */*
  [1m[35m (0.1ms)[0m  [1m[36mbegin transaction[0m
  ↳ app/controllers/users_controller.rb:17:in `create'
  [1m[36mUser Create (1.4ms)[0m  [1m[32mINSERT INTO "users" ("password_digest", "created_at", "updated_at") VALUES (?, ?, ?)[0m  [["password_digest", "$2a$12$mfTc8WvzExQGgoS276lUIOb2hQlb3loL9J3pAuYsfIAkoirr7SDhS"], ["created_at", "2019-11-12 22:07:36.586367"], ["updated_at", "2019-11-12 22:07:36.586367"]]
  ↳ app/controllers/users_controller.rb:17:in `create'
  [1m[35m (1.1ms)[0m  [1m[36mcommit transaction[0m
  ↳ app/controllers/users_controller.rb:17:in `create'
[active_model_serializers] Rendered ActiveModel::Serializer::Null with Hash (0.68ms)
Completed 201 Created in 403ms (Views: 4.7ms | ActiveRecord: 3.7ms | Allocations: 9829)


Started POST "/users" for ::1 at 2019-11-12 15:19:30 -0700
  [1m[35m (0.4ms)[0m  [1m[34mSELECT sqlite_version(*)[0m
Processing by UsersController#create as */*
  [1m[35m (0.2ms)[0m  [1m[36mbegin transaction[0m
  ↳ app/controllers/users_controller.rb:17:in `create'
  [1m[36mUser Create (1.5ms)[0m  [1m[32mINSERT INTO "users" ("password_digest", "created_at", "updated_at") VALUES (?, ?, ?)[0m  [["password_digest", "$2a$12$Qggh/DpoAdJh3mV.EBMppOmzs4/L688oGx3YzurYBH0dWY37FKR.y"], ["created_at", "2019-11-12 22:19:30.674628"], ["updated_at", "2019-11-12 22:19:30.674628"]]
  ↳ app/controllers/users_controller.rb:17:in `create'
  [1m[35m (0.9ms)[0m  [1m[36mcommit transaction[0m
  ↳ app/controllers/users_controller.rb:17:in `create'
[active_model_serializers] Rendered ActiveModel::Serializer::Null with Hash (1.47ms)
Completed 201 Created in 413ms (Views: 6.0ms | ActiveRecord: 2.6ms | Allocations: 2563)


  [1m[35m (2.1ms)[0m  [1m[34mSELECT sqlite_version(*)[0m
  [1m[36mUser Load (0.8ms)[0m  [1m[34mSELECT "users".* FROM "users" LIMIT ?[0m  [["LIMIT", 11]]
Started GET "/users" for ::1 at 2019-11-12 15:26:31 -0700
  [1m[35m (2.1ms)[0m  [1m[34mSELECT sqlite_version(*)[0m
  [1m[35m (0.5ms)[0m  [1m[34mSELECT "schema_migrations"."version" FROM "schema_migrations" ORDER BY "schema_migrations"."version" ASC[0m
  
ActionController::RoutingError (No route matches [GET] "/users"):
  
actionpack (6.0.1) lib/action_dispatch/middleware/debug_exceptions.rb:36:in `call'
actionpack (6.0.1) lib/action_dispatch/middleware/show_exceptions.rb:33:in `call'
railties (6.0.1) lib/rails/rack/logger.rb:38:in `call_app'
railties (6.0.1) lib/rails/rack/logger.rb:26:in `block in call'
activesupport (6.0.1) lib/active_support/tagged_logging.rb:80:in `block in tagged'
activesupport (6.0.1) lib/active_support/tagged_logging.rb:28:in `tagged'
activesupport (6.0.1) lib/active_support/tagged_logging.rb:80:in `tagged'
railties (6.0.1) lib/rails/rack/logger.rb:26:in `call'
actionpack (6.0.1) lib/action_dispatch/middleware/remote_ip.rb:81:in `call'
actionpack (6.0.1) lib/action_dispatch/middleware/request_id.rb:27:in `call'
rack (2.0.7) lib/rack/runtime.rb:22:in `call'
activesupport (6.0.1) lib/active_support/cache/strategy/local_cache_middleware.rb:29:in `call'
actionpack (6.0.1) lib/action_dispatch/middleware/executor.rb:14:in `call'
actionpack (6.0.1) lib/action_dispatch/middleware/static.rb:126:in `call'
rack (2.0.7) lib/rack/sendfile.rb:111:in `call'
actionpack (6.0.1) lib/action_dispatch/middleware/host_authorization.rb:83:in `call'
rack-cors (1.0.3) lib/rack/cors.rb:95:in `call'
railties (6.0.1) lib/rails/engine.rb:526:in `call'
puma (4.3.0) lib/puma/configuration.rb:228:in `call'
puma (4.3.0) lib/puma/server.rb:667:in `handle_request'
puma (4.3.0) lib/puma/server.rb:470:in `process_client'
puma (4.3.0) lib/puma/server.rb:328:in `block in run'
puma (4.3.0) lib/puma/thread_pool.rb:134:in `block in spawn_thread'
Started POST "/users" for ::1 at 2019-11-12 15:27:26 -0700
Processing by UsersController#create as */*
  Parameters: {"name"=>"Jack", "username"=>"jack.rys303", "location"=>"Denver", "password"=>"[FILTERED]"}
  [1m[35m (0.1ms)[0m  [1m[36mbegin transaction[0m
  ↳ app/controllers/users_controller.rb:17:in `create'
  [1m[36mUser Create (1.7ms)[0m  [1m[32mINSERT INTO "users" ("name", "username", "location", "password_digest", "created_at", "updated_at") VALUES (?, ?, ?, ?, ?, ?)[0m  [["name", "Jack"], ["username", "jack.rys303"], ["location", "Denver"], ["password_digest", "$2a$12$UvTHTPHKbRF.7biwAbWXweuvEKW86./ycU72Yqwgh6BE8yjb5ogLa"], ["created_at", "2019-11-12 22:27:27.545190"], ["updated_at", "2019-11-12 22:27:27.545190"]]
  ↳ app/controllers/users_controller.rb:17:in `create'
  [1m[35m (0.9ms)[0m  [1m[36mcommit transaction[0m
  ↳ app/controllers/users_controller.rb:17:in `create'
[active_model_serializers] Rendered ActiveModel::Serializer::Null with Hash (0.63ms)
Completed 201 Created in 756ms (Views: 3.1ms | ActiveRecord: 4.1ms | Allocations: 9874)


Started POST "/users" for ::1 at 2019-11-12 16:26:45 -0700
  [1m[35m (0.6ms)[0m  [1m[34mSELECT sqlite_version(*)[0m
Processing by UsersController#create as */*
  [1m[35m (0.2ms)[0m  [1m[36mbegin transaction[0m
  ↳ app/controllers/users_controller.rb:17:in `create'
  [1m[36mUser Create (2.0ms)[0m  [1m[32mINSERT INTO "users" ("password_digest", "created_at", "updated_at") VALUES (?, ?, ?)[0m  [["password_digest", "$2a$12$P3xawDS6E4BVxsvCC6wiAejB5McukHePM1/fh5JQyUbL0aBkEXCN."], ["created_at", "2019-11-12 23:26:45.685530"], ["updated_at", "2019-11-12 23:26:45.685530"]]
  ↳ app/controllers/users_controller.rb:17:in `create'
  [1m[35m (1.9ms)[0m  [1m[36mcommit transaction[0m
  ↳ app/controllers/users_controller.rb:17:in `create'
[active_model_serializers] Rendered ActiveModel::Serializer::Null with Hash (1.47ms)
Completed 201 Created in 401ms (Views: 7.2ms | ActiveRecord: 4.1ms | Allocations: 2549)


Started GET "/users" for ::1 at 2019-11-12 16:28:51 -0700
  
ActionController::RoutingError (No route matches [GET] "/users"):
  
actionpack (6.0.1) lib/action_dispatch/middleware/debug_exceptions.rb:36:in `call'
actionpack (6.0.1) lib/action_dispatch/middleware/show_exceptions.rb:33:in `call'
railties (6.0.1) lib/rails/rack/logger.rb:38:in `call_app'
railties (6.0.1) lib/rails/rack/logger.rb:26:in `block in call'
activesupport (6.0.1) lib/active_support/tagged_logging.rb:80:in `block in tagged'
activesupport (6.0.1) lib/active_support/tagged_logging.rb:28:in `tagged'
activesupport (6.0.1) lib/active_support/tagged_logging.rb:80:in `tagged'
railties (6.0.1) lib/rails/rack/logger.rb:26:in `call'
actionpack (6.0.1) lib/action_dispatch/middleware/remote_ip.rb:81:in `call'
actionpack (6.0.1) lib/action_dispatch/middleware/request_id.rb:27:in `call'
rack (2.0.7) lib/rack/runtime.rb:22:in `call'
activesupport (6.0.1) lib/active_support/cache/strategy/local_cache_middleware.rb:29:in `call'
actionpack (6.0.1) lib/action_dispatch/middleware/executor.rb:14:in `call'
actionpack (6.0.1) lib/action_dispatch/middleware/static.rb:126:in `call'
rack (2.0.7) lib/rack/sendfile.rb:111:in `call'
actionpack (6.0.1) lib/action_dispatch/middleware/host_authorization.rb:83:in `call'
rack-cors (1.0.3) lib/rack/cors.rb:95:in `call'
railties (6.0.1) lib/rails/engine.rb:526:in `call'
puma (4.3.0) lib/puma/configuration.rb:228:in `call'
puma (4.3.0) lib/puma/server.rb:667:in `handle_request'
puma (4.3.0) lib/puma/server.rb:470:in `process_client'
puma (4.3.0) lib/puma/server.rb:328:in `block in run'
puma (4.3.0) lib/puma/thread_pool.rb:134:in `block in spawn_thread'
  [1m[35m (1.4ms)[0m  [1m[34mSELECT sqlite_version(*)[0m
  [1m[36mUser Load (0.4ms)[0m  [1m[34mSELECT "users".* FROM "users" LIMIT ?[0m  [["LIMIT", 11]]
Started POST "/users" for ::1 at 2019-11-12 16:31:35 -0700
  [1m[35m (1.5ms)[0m  [1m[34mSELECT sqlite_version(*)[0m
  [1m[35m (0.6ms)[0m  [1m[34mSELECT "schema_migrations"."version" FROM "schema_migrations" ORDER BY "schema_migrations"."version" ASC[0m
Processing by UsersController#create as */*
  Parameters: {"username"=>"Ya mom", "name"=>"Shadingus", "location"=>"Denver", "password"=>"[FILTERED]", "user"=>{"name"=>"Shadingus", "username"=>"Ya mom", "location"=>"Denver"}}
  [1m[35m (0.1ms)[0m  [1m[36mbegin transaction[0m
  ↳ app/controllers/users_controller.rb:17:in `create'
  [1m[36mUser Create (1.6ms)[0m  [1m[32mINSERT INTO "users" ("name", "username", "location", "password_digest", "created_at", "updated_at") VALUES (?, ?, ?, ?, ?, ?)[0m  [["name", "Shadingus"], ["username", "Ya mom"], ["location", "Denver"], ["password_digest", "$2a$12$4LyRoJZEC8HPqvmwyaIMeOdOnbKnYD0MeWmTX6dfCzQES8FiIBd/q"], ["created_at", "2019-11-12 23:31:35.460867"], ["updated_at", "2019-11-12 23:31:35.460867"]]
  ↳ app/controllers/users_controller.rb:17:in `create'
  [1m[35m (1.1ms)[0m  [1m[36mcommit transaction[0m
  ↳ app/controllers/users_controller.rb:17:in `create'
[active_model_serializers] Rendered ActiveModel::Serializer::Null with Hash (0.63ms)
Completed 201 Created in 381ms (Views: 2.9ms | ActiveRecord: 3.9ms | Allocations: 7620)


  [1m[35m (1.3ms)[0m  [1m[34mSELECT sqlite_version(*)[0m
  [1m[36mUser Load (0.3ms)[0m  [1m[34mSELECT "users".* FROM "users"[0m
  [1m[35m (0.1ms)[0m  [1m[36mbegin transaction[0m
  [1m[36mUser Destroy (1.8ms)[0m  [1m[31mDELETE FROM "users" WHERE "users"."id" = ?[0m  [["id", 1]]
  [1m[35m (1.4ms)[0m  [1m[36mcommit transaction[0m
  [1m[35m (0.1ms)[0m  [1m[36mbegin transaction[0m
  [1m[36mUser Destroy (0.5ms)[0m  [1m[31mDELETE FROM "users" WHERE "users"."id" = ?[0m  [["id", 2]]
  [1m[35m (0.7ms)[0m  [1m[36mcommit transaction[0m
  [1m[35m (0.1ms)[0m  [1m[36mbegin transaction[0m
  [1m[36mUser Destroy (0.4ms)[0m  [1m[31mDELETE FROM "users" WHERE "users"."id" = ?[0m  [["id", 3]]
  [1m[35m (0.6ms)[0m  [1m[36mcommit transaction[0m
  [1m[35m (0.1ms)[0m  [1m[36mbegin transaction[0m
  [1m[36mUser Destroy (0.3ms)[0m  [1m[31mDELETE FROM "users" WHERE "users"."id" = ?[0m  [["id", 4]]
  [1m[35m (0.6ms)[0m  [1m[36mcommit transaction[0m
  [1m[35m (0.1ms)[0m  [1m[36mbegin transaction[0m
  [1m[36mUser Destroy (0.4ms)[0m  [1m[31mDELETE FROM "users" WHERE "users"."id" = ?[0m  [["id", 5]]
  [1m[35m (1.1ms)[0m  [1m[36mcommit transaction[0m
  [1m[35m (0.1ms)[0m  [1m[36mbegin transaction[0m
  [1m[36mUser Destroy (0.4ms)[0m  [1m[31mDELETE FROM "users" WHERE "users"."id" = ?[0m  [["id", 6]]
  [1m[35m (0.9ms)[0m  [1m[36mcommit transaction[0m
  [1m[35m (0.1ms)[0m  [1m[36mbegin transaction[0m
  [1m[36mUser Destroy (0.6ms)[0m  [1m[31mDELETE FROM "users" WHERE "users"."id" = ?[0m  [["id", 7]]
  [1m[35m (0.7ms)[0m  [1m[36mcommit transaction[0m
  [1m[35m (0.1ms)[0m  [1m[36mbegin transaction[0m
  [1m[36mUser Destroy (0.4ms)[0m  [1m[31mDELETE FROM "users" WHERE "users"."id" = ?[0m  [["id", 8]]
  [1m[35m (0.7ms)[0m  [1m[36mcommit transaction[0m
  [1m[36mUser Load (0.5ms)[0m  [1m[34mSELECT "users".* FROM "users" LIMIT ?[0m  [["LIMIT", 11]]
  [1m[36mUserFavorite Load (0.6ms)[0m  [1m[34mSELECT "user_favorites".* FROM "user_favorites"[0m
Started POST "/users" for ::1 at 2019-11-12 17:07:08 -0700
  [1m[35m (1.5ms)[0m  [1m[34mSELECT sqlite_version(*)[0m
  [1m[35m (2.7ms)[0m  [1m[34mSELECT "schema_migrations"."version" FROM "schema_migrations" ORDER BY "schema_migrations"."version" ASC[0m
Processing by UsersController#create as */*
  Parameters: {"username"=>"Yardmeat", "password"=>"[FILTERED]", "user"=>{"username"=>"Yardmeat"}}
  [1m[35m (0.1ms)[0m  [1m[36mbegin transaction[0m
  ↳ app/controllers/users_controller.rb:17:in `create'
  [1m[36mUser Create (0.7ms)[0m  [1m[32mINSERT INTO "users" ("username", "password_digest", "created_at", "updated_at") VALUES (?, ?, ?, ?)[0m  [["username", "Yardmeat"], ["password_digest", "$2a$12$/EBlNsm.obg49OQN2glLle/GSaBtCDruRTJsr.H5W9zrCsG2asqFO"], ["created_at", "2019-11-13 00:07:09.184745"], ["updated_at", "2019-11-13 00:07:09.184745"]]
  ↳ app/controllers/users_controller.rb:17:in `create'
  [1m[35m (1.1ms)[0m  [1m[36mcommit transaction[0m
  ↳ app/controllers/users_controller.rb:17:in `create'
[active_model_serializers] Rendered ActiveModel::Serializer::Null with Hash (0.57ms)
Completed 201 Created in 387ms (Views: 2.9ms | ActiveRecord: 2.9ms | Allocations: 7598)


  [1m[35m (1.5ms)[0m  [1m[34mSELECT sqlite_version(*)[0m
  [1m[36mUser Load (0.6ms)[0m  [1m[34mSELECT "users".* FROM "users"[0m
  [1m[35m (0.1ms)[0m  [1m[36mbegin transaction[0m
  [1m[36mUser Destroy (1.9ms)[0m  [1m[31mDELETE FROM "users" WHERE "users"."id" = ?[0m  [["id", 9]]
  [1m[35m (1.0ms)[0m  [1m[36mcommit transaction[0m
  [1m[36mUser Load (0.4ms)[0m  [1m[34mSELECT "users".* FROM "users" LIMIT ?[0m  [["LIMIT", 11]]
  [1m[36mFavorite Load (0.6ms)[0m  [1m[34mSELECT "favorites".* FROM "favorites" LIMIT ?[0m  [["LIMIT", 11]]
Started POST "/auth" for ::1 at 2019-11-13 09:31:00 -0700
  [1m[35m (3.8ms)[0m  [1m[34mSELECT sqlite_version(*)[0m
  [1m[35m (0.6ms)[0m  [1m[34mSELECT "schema_migrations"."version" FROM "schema_migrations" ORDER BY "schema_migrations"."version" ASC[0m
  
ActionController::RoutingError (No route matches [POST] "/auth"):
  
actionpack (6.0.1) lib/action_dispatch/middleware/debug_exceptions.rb:36:in `call'
actionpack (6.0.1) lib/action_dispatch/middleware/show_exceptions.rb:33:in `call'
railties (6.0.1) lib/rails/rack/logger.rb:38:in `call_app'
railties (6.0.1) lib/rails/rack/logger.rb:26:in `block in call'
activesupport (6.0.1) lib/active_support/tagged_logging.rb:80:in `block in tagged'
activesupport (6.0.1) lib/active_support/tagged_logging.rb:28:in `tagged'
activesupport (6.0.1) lib/active_support/tagged_logging.rb:80:in `tagged'
railties (6.0.1) lib/rails/rack/logger.rb:26:in `call'
actionpack (6.0.1) lib/action_dispatch/middleware/remote_ip.rb:81:in `call'
actionpack (6.0.1) lib/action_dispatch/middleware/request_id.rb:27:in `call'
rack (2.0.7) lib/rack/runtime.rb:22:in `call'
activesupport (6.0.1) lib/active_support/cache/strategy/local_cache_middleware.rb:29:in `call'
actionpack (6.0.1) lib/action_dispatch/middleware/executor.rb:14:in `call'
actionpack (6.0.1) lib/action_dispatch/middleware/static.rb:126:in `call'
rack (2.0.7) lib/rack/sendfile.rb:111:in `call'
actionpack (6.0.1) lib/action_dispatch/middleware/host_authorization.rb:83:in `call'
rack-cors (1.0.3) lib/rack/cors.rb:95:in `call'
railties (6.0.1) lib/rails/engine.rb:526:in `call'
puma (4.3.0) lib/puma/configuration.rb:228:in `call'
puma (4.3.0) lib/puma/server.rb:667:in `handle_request'
puma (4.3.0) lib/puma/server.rb:470:in `process_client'
puma (4.3.0) lib/puma/server.rb:328:in `block in run'
puma (4.3.0) lib/puma/thread_pool.rb:134:in `block in spawn_thread'
Started GET "/auth" for ::1 at 2019-11-13 09:31:06 -0700
  
ActionController::RoutingError (No route matches [GET] "/auth"):
  
actionpack (6.0.1) lib/action_dispatch/middleware/debug_exceptions.rb:36:in `call'
actionpack (6.0.1) lib/action_dispatch/middleware/show_exceptions.rb:33:in `call'
railties (6.0.1) lib/rails/rack/logger.rb:38:in `call_app'
railties (6.0.1) lib/rails/rack/logger.rb:26:in `block in call'
activesupport (6.0.1) lib/active_support/tagged_logging.rb:80:in `block in tagged'
activesupport (6.0.1) lib/active_support/tagged_logging.rb:28:in `tagged'
activesupport (6.0.1) lib/active_support/tagged_logging.rb:80:in `tagged'
railties (6.0.1) lib/rails/rack/logger.rb:26:in `call'
actionpack (6.0.1) lib/action_dispatch/middleware/remote_ip.rb:81:in `call'
actionpack (6.0.1) lib/action_dispatch/middleware/request_id.rb:27:in `call'
rack (2.0.7) lib/rack/runtime.rb:22:in `call'
activesupport (6.0.1) lib/active_support/cache/strategy/local_cache_middleware.rb:29:in `call'
actionpack (6.0.1) lib/action_dispatch/middleware/executor.rb:14:in `call'
actionpack (6.0.1) lib/action_dispatch/middleware/static.rb:126:in `call'
rack (2.0.7) lib/rack/sendfile.rb:111:in `call'
actionpack (6.0.1) lib/action_dispatch/middleware/host_authorization.rb:83:in `call'
rack-cors (1.0.3) lib/rack/cors.rb:95:in `call'
railties (6.0.1) lib/rails/engine.rb:526:in `call'
puma (4.3.0) lib/puma/configuration.rb:228:in `call'
puma (4.3.0) lib/puma/server.rb:667:in `handle_request'
puma (4.3.0) lib/puma/server.rb:470:in `process_client'
puma (4.3.0) lib/puma/server.rb:328:in `block in run'
puma (4.3.0) lib/puma/thread_pool.rb:134:in `block in spawn_thread'
Started POST "/login" for ::1 at 2019-11-13 09:37:32 -0700
  [1m[35m (1.5ms)[0m  [1m[34mSELECT sqlite_version(*)[0m
  [1m[35m (0.6ms)[0m  [1m[34mSELECT "schema_migrations"."version" FROM "schema_migrations" ORDER BY "schema_migrations"."version" ASC[0m
Processing by AuthController#create as */*
  Parameters: {"username"=>"Yardmeat", "password"=>"[FILTERED]", "auth"=>{"username"=>"Yardmeat", "password"=>"[FILTERED]"}}
  [1m[36mUser Load (0.6ms)[0m  [1m[34mSELECT "users".* FROM "users" WHERE "users"."username" = ? LIMIT ?[0m  [["username", "Yardmeat"], ["LIMIT", 1]]
  ↳ app/controllers/auth_controller.rb:5:in `create'
[active_model_serializers] Rendered ActiveModel::Serializer::Null with Hash (0.25ms)
Completed 401 Unauthorized in 19ms (Views: 5.1ms | ActiveRecord: 1.0ms | Allocations: 3847)


Started POST "/users" for ::1 at 2019-11-13 10:24:21 -0700
  [1m[35m (0.8ms)[0m  [1m[34mSELECT sqlite_version(*)[0m
Processing by UsersController#create as */*
  Parameters: {"username"=>"Yardmeat", "name"=>"Andrew", "location"=>"Denver", "password"=>"[FILTERED]", "user"=>{"name"=>"Andrew", "username"=>"Yardmeat", "location"=>"Denver"}}
  [1m[35m (0.3ms)[0m  [1m[36mbegin transaction[0m
  ↳ app/controllers/users_controller.rb:17:in `create'
  [1m[36mUser Create (5.6ms)[0m  [1m[32mINSERT INTO "users" ("name", "username", "location", "password_digest", "created_at", "updated_at") VALUES (?, ?, ?, ?, ?, ?)[0m  [["name", "Andrew"], ["username", "Yardmeat"], ["location", "Denver"], ["password_digest", "$2a$12$uIRIeE.FGDbys.ZCMQ1rBe7Q.PSYJ1HC8iKWf.X/8aY2f1D/2x4ge"], ["created_at", "2019-11-13 17:24:21.969075"], ["updated_at", "2019-11-13 17:24:21.969075"]]
  ↳ app/controllers/users_controller.rb:17:in `create'
  [1m[35m (1.2ms)[0m  [1m[36mcommit transaction[0m
  ↳ app/controllers/users_controller.rb:17:in `create'
[active_model_serializers] Rendered ActiveModel::Serializer::Null with Hash (0.86ms)
Completed 201 Created in 410ms (Views: 3.1ms | ActiveRecord: 8.3ms | Allocations: 7149)


Started POST "/login" for ::1 at 2019-11-13 10:24:34 -0700
Processing by AuthController#create as */*
  Parameters: {"username"=>"Yardmeat", "password"=>"[FILTERED]", "auth"=>{"username"=>"Yardmeat", "password"=>"[FILTERED]"}}
  [1m[36mUser Load (0.4ms)[0m  [1m[34mSELECT "users".* FROM "users" WHERE "users"."username" = ? LIMIT ?[0m  [["username", "Yardmeat"], ["LIMIT", 1]]
  ↳ app/controllers/auth_controller.rb:5:in `create'
[active_model_serializers] Rendered ActiveModel::Serializer::Null with Hash (0.76ms)
Completed 202 Accepted in 391ms (Views: 1.6ms | ActiveRecord: 0.4ms | Allocations: 1039)


Started POST "/login" for 127.0.0.1 at 2019-11-14 17:09:24 -0700
  [1m[35m (1.8ms)[0m  [1m[34mSELECT sqlite_version(*)[0m
  [1m[35m (0.6ms)[0m  [1m[34mSELECT "schema_migrations"."version" FROM "schema_migrations" ORDER BY "schema_migrations"."version" ASC[0m
Processing by AuthController#create as */*
  Parameters: {"username"=>"Yardmeat", "password"=>"[FILTERED]", "auth"=>{"username"=>"Yardmeat", "password"=>"[FILTERED]"}}
  [1m[36mUser Load (0.6ms)[0m  [1m[34mSELECT "users".* FROM "users" WHERE "users"."username" = ? LIMIT ?[0m  [["username", "Yardmeat"], ["LIMIT", 1]]
  ↳ app/controllers/auth_controller.rb:5:in `create'
[active_model_serializers] Rendered ActiveModel::Serializer::Null with Hash (1.15ms)
Completed 202 Accepted in 401ms (Views: 4.2ms | ActiveRecord: 2.6ms | Allocations: 8470)


Started POST "/login" for 127.0.0.1 at 2019-11-14 17:09:33 -0700
Processing by AuthController#create as */*
  Parameters: {"username"=>"blarg", "password"=>"[FILTERED]", "auth"=>{"username"=>"blarg", "password"=>"[FILTERED]"}}
  [1m[36mUser Load (0.2ms)[0m  [1m[34mSELECT "users".* FROM "users" WHERE "users"."username" = ? LIMIT ?[0m  [["username", "blarg"], ["LIMIT", 1]]
  ↳ app/controllers/auth_controller.rb:5:in `create'
[active_model_serializers] Rendered ActiveModel::Serializer::Null with Hash (0.12ms)
Completed 401 Unauthorized in 3ms (Views: 0.8ms | ActiveRecord: 0.2ms | Allocations: 723)


Started GET "/e73f06ba90ac8355455c.hot-update.json" for 127.0.0.1 at 2019-11-14 17:13:27 -0700
  
ActionController::RoutingError (No route matches [GET] "/e73f06ba90ac8355455c.hot-update.json"):
  
actionpack (6.0.1) lib/action_dispatch/middleware/debug_exceptions.rb:36:in `call'
actionpack (6.0.1) lib/action_dispatch/middleware/show_exceptions.rb:33:in `call'
railties (6.0.1) lib/rails/rack/logger.rb:38:in `call_app'
railties (6.0.1) lib/rails/rack/logger.rb:26:in `block in call'
activesupport (6.0.1) lib/active_support/tagged_logging.rb:80:in `block in tagged'
activesupport (6.0.1) lib/active_support/tagged_logging.rb:28:in `tagged'
activesupport (6.0.1) lib/active_support/tagged_logging.rb:80:in `tagged'
railties (6.0.1) lib/rails/rack/logger.rb:26:in `call'
actionpack (6.0.1) lib/action_dispatch/middleware/remote_ip.rb:81:in `call'
actionpack (6.0.1) lib/action_dispatch/middleware/request_id.rb:27:in `call'
rack (2.0.7) lib/rack/runtime.rb:22:in `call'
activesupport (6.0.1) lib/active_support/cache/strategy/local_cache_middleware.rb:29:in `call'
actionpack (6.0.1) lib/action_dispatch/middleware/executor.rb:14:in `call'
actionpack (6.0.1) lib/action_dispatch/middleware/static.rb:126:in `call'
rack (2.0.7) lib/rack/sendfile.rb:111:in `call'
actionpack (6.0.1) lib/action_dispatch/middleware/host_authorization.rb:83:in `call'
rack-cors (1.0.3) lib/rack/cors.rb:95:in `call'
railties (6.0.1) lib/rails/engine.rb:526:in `call'
puma (4.3.0) lib/puma/configuration.rb:228:in `call'
puma (4.3.0) lib/puma/server.rb:667:in `handle_request'
puma (4.3.0) lib/puma/server.rb:470:in `process_client'
puma (4.3.0) lib/puma/server.rb:328:in `block in run'
puma (4.3.0) lib/puma/thread_pool.rb:134:in `block in spawn_thread'
Started GET "/login" for 127.0.0.1 at 2019-11-14 17:13:28 -0700
  
ActionController::RoutingError (No route matches [GET] "/login"):
  
actionpack (6.0.1) lib/action_dispatch/middleware/debug_exceptions.rb:36:in `call'
actionpack (6.0.1) lib/action_dispatch/middleware/show_exceptions.rb:33:in `call'
railties (6.0.1) lib/rails/rack/logger.rb:38:in `call_app'
railties (6.0.1) lib/rails/rack/logger.rb:26:in `block in call'
activesupport (6.0.1) lib/active_support/tagged_logging.rb:80:in `block in tagged'
activesupport (6.0.1) lib/active_support/tagged_logging.rb:28:in `tagged'
activesupport (6.0.1) lib/active_support/tagged_logging.rb:80:in `tagged'
railties (6.0.1) lib/rails/rack/logger.rb:26:in `call'
actionpack (6.0.1) lib/action_dispatch/middleware/remote_ip.rb:81:in `call'
actionpack (6.0.1) lib/action_dispatch/middleware/request_id.rb:27:in `call'
rack (2.0.7) lib/rack/runtime.rb:22:in `call'
activesupport (6.0.1) lib/active_support/cache/strategy/local_cache_middleware.rb:29:in `call'
actionpack (6.0.1) lib/action_dispatch/middleware/executor.rb:14:in `call'
actionpack (6.0.1) lib/action_dispatch/middleware/static.rb:126:in `call'
rack (2.0.7) lib/rack/sendfile.rb:111:in `call'
actionpack (6.0.1) lib/action_dispatch/middleware/host_authorization.rb:83:in `call'
rack-cors (1.0.3) lib/rack/cors.rb:95:in `call'
railties (6.0.1) lib/rails/engine.rb:526:in `call'
puma (4.3.0) lib/puma/configuration.rb:228:in `call'
puma (4.3.0) lib/puma/server.rb:667:in `handle_request'
puma (4.3.0) lib/puma/server.rb:470:in `process_client'
puma (4.3.0) lib/puma/server.rb:328:in `block in run'
puma (4.3.0) lib/puma/thread_pool.rb:134:in `block in spawn_thread'
Started GET "/static/js/0.chunk.js.map" for 127.0.0.1 at 2019-11-14 17:13:28 -0700
  [1m[35m (0.6ms)[0m  [1m[34mSELECT sqlite_version(*)[0m
  
ActionController::RoutingError (No route matches [GET] "/static/js/0.chunk.js.map"):
  
actionpack (6.0.1) lib/action_dispatch/middleware/debug_exceptions.rb:36:in `call'
actionpack (6.0.1) lib/action_dispatch/middleware/show_exceptions.rb:33:in `call'
railties (6.0.1) lib/rails/rack/logger.rb:38:in `call_app'
railties (6.0.1) lib/rails/rack/logger.rb:26:in `block in call'
activesupport (6.0.1) lib/active_support/tagged_logging.rb:80:in `block in tagged'
activesupport (6.0.1) lib/active_support/tagged_logging.rb:28:in `tagged'
activesupport (6.0.1) lib/active_support/tagged_logging.rb:80:in `tagged'
railties (6.0.1) lib/rails/rack/logger.rb:26:in `call'
actionpack (6.0.1) lib/action_dispatch/middleware/remote_ip.rb:81:in `call'
actionpack (6.0.1) lib/action_dispatch/middleware/request_id.rb:27:in `call'
rack (2.0.7) lib/rack/runtime.rb:22:in `call'
activesupport (6.0.1) lib/active_support/cache/strategy/local_cache_middleware.rb:29:in `call'
actionpack (6.0.1) lib/action_dispatch/middleware/executor.rb:14:in `call'
actionpack (6.0.1) lib/action_dispatch/middleware/static.rb:126:in `call'
rack (2.0.7) lib/rack/sendfile.rb:111:in `call'
actionpack (6.0.1) lib/action_dispatch/middleware/host_authorization.rb:83:in `call'
rack-cors (1.0.3) lib/rack/cors.rb:95:in `call'
railties (6.0.1) lib/rails/engine.rb:526:in `call'
puma (4.3.0) lib/puma/configuration.rb:228:in `call'
puma (4.3.0) lib/puma/server.rb:667:in `handle_request'
puma (4.3.0) lib/puma/server.rb:470:in `process_client'
puma (4.3.0) lib/puma/server.rb:328:in `block in run'
puma (4.3.0) lib/puma/thread_pool.rb:134:in `block in spawn_thread'
Started GET "/login" for 127.0.0.1 at 2019-11-14 17:13:55 -0700
  
ActionController::RoutingError (No route matches [GET] "/login"):
  
actionpack (6.0.1) lib/action_dispatch/middleware/debug_exceptions.rb:36:in `call'
actionpack (6.0.1) lib/action_dispatch/middleware/show_exceptions.rb:33:in `call'
railties (6.0.1) lib/rails/rack/logger.rb:38:in `call_app'
railties (6.0.1) lib/rails/rack/logger.rb:26:in `block in call'
activesupport (6.0.1) lib/active_support/tagged_logging.rb:80:in `block in tagged'
activesupport (6.0.1) lib/active_support/tagged_logging.rb:28:in `tagged'
activesupport (6.0.1) lib/active_support/tagged_logging.rb:80:in `tagged'
railties (6.0.1) lib/rails/rack/logger.rb:26:in `call'
actionpack (6.0.1) lib/action_dispatch/middleware/remote_ip.rb:81:in `call'
actionpack (6.0.1) lib/action_dispatch/middleware/request_id.rb:27:in `call'
rack (2.0.7) lib/rack/runtime.rb:22:in `call'
activesupport (6.0.1) lib/active_support/cache/strategy/local_cache_middleware.rb:29:in `call'
actionpack (6.0.1) lib/action_dispatch/middleware/executor.rb:14:in `call'
actionpack (6.0.1) lib/action_dispatch/middleware/static.rb:126:in `call'
rack (2.0.7) lib/rack/sendfile.rb:111:in `call'
actionpack (6.0.1) lib/action_dispatch/middleware/host_authorization.rb:83:in `call'
rack-cors (1.0.3) lib/rack/cors.rb:95:in `call'
railties (6.0.1) lib/rails/engine.rb:526:in `call'
puma (4.3.0) lib/puma/configuration.rb:228:in `call'
puma (4.3.0) lib/puma/server.rb:667:in `handle_request'
puma (4.3.0) lib/puma/server.rb:470:in `process_client'
puma (4.3.0) lib/puma/server.rb:328:in `block in run'
puma (4.3.0) lib/puma/thread_pool.rb:134:in `block in spawn_thread'
Started GET "/login" for 127.0.0.1 at 2019-11-14 17:15:03 -0700
  
ActionController::RoutingError (No route matches [GET] "/login"):
  
actionpack (6.0.1) lib/action_dispatch/middleware/debug_exceptions.rb:36:in `call'
actionpack (6.0.1) lib/action_dispatch/middleware/show_exceptions.rb:33:in `call'
railties (6.0.1) lib/rails/rack/logger.rb:38:in `call_app'
railties (6.0.1) lib/rails/rack/logger.rb:26:in `block in call'
activesupport (6.0.1) lib/active_support/tagged_logging.rb:80:in `block in tagged'
activesupport (6.0.1) lib/active_support/tagged_logging.rb:28:in `tagged'
activesupport (6.0.1) lib/active_support/tagged_logging.rb:80:in `tagged'
railties (6.0.1) lib/rails/rack/logger.rb:26:in `call'
actionpack (6.0.1) lib/action_dispatch/middleware/remote_ip.rb:81:in `call'
actionpack (6.0.1) lib/action_dispatch/middleware/request_id.rb:27:in `call'
rack (2.0.7) lib/rack/runtime.rb:22:in `call'
activesupport (6.0.1) lib/active_support/cache/strategy/local_cache_middleware.rb:29:in `call'
actionpack (6.0.1) lib/action_dispatch/middleware/executor.rb:14:in `call'
actionpack (6.0.1) lib/action_dispatch/middleware/static.rb:126:in `call'
rack (2.0.7) lib/rack/sendfile.rb:111:in `call'
actionpack (6.0.1) lib/action_dispatch/middleware/host_authorization.rb:83:in `call'
rack-cors (1.0.3) lib/rack/cors.rb:95:in `call'
railties (6.0.1) lib/rails/engine.rb:526:in `call'
puma (4.3.0) lib/puma/configuration.rb:228:in `call'
puma (4.3.0) lib/puma/server.rb:667:in `handle_request'
puma (4.3.0) lib/puma/server.rb:470:in `process_client'
puma (4.3.0) lib/puma/server.rb:328:in `block in run'
puma (4.3.0) lib/puma/thread_pool.rb:134:in `block in spawn_thread'
  [1m[35m (1.4ms)[0m  [1m[34mSELECT sqlite_version(*)[0m
  [1m[36mUser Load (0.6ms)[0m  [1m[34mSELECT "users".* FROM "users" LIMIT ?[0m  [["LIMIT", 11]]
Started POST "/users" for 127.0.0.1 at 2019-11-14 18:10:27 -0700
  [1m[35m (3.0ms)[0m  [1m[34mSELECT sqlite_version(*)[0m
  [1m[35m (0.6ms)[0m  [1m[34mSELECT "schema_migrations"."version" FROM "schema_migrations" ORDER BY "schema_migrations"."version" ASC[0m
Processing by UsersController#create as */*
  Parameters: {"username"=>"Daemon", "name"=>"Damon", "location"=>"Detroit", "password"=>"[FILTERED]", "user"=>{"name"=>"Damon", "username"=>"Daemon", "location"=>"Detroit"}}
  [1m[35m (0.1ms)[0m  [1m[36mbegin transaction[0m
  ↳ app/controllers/users_controller.rb:17:in `create'
  [1m[36mUser Create (2.7ms)[0m  [1m[32mINSERT INTO "users" ("name", "username", "location", "password_digest", "created_at", "updated_at") VALUES (?, ?, ?, ?, ?, ?)[0m  [["name", "Damon"], ["username", "Daemon"], ["location", "Detroit"], ["password_digest", "$2a$12$2siQLBvdUqPAdDf7xGvdSOalTkyxbNP/BXbulev.RKWXpd.rkiGf2"], ["created_at", "2019-11-15 01:10:28.293127"], ["updated_at", "2019-11-15 01:10:28.293127"]]
  ↳ app/controllers/users_controller.rb:17:in `create'
  [1m[35m (1.1ms)[0m  [1m[36mcommit transaction[0m
  ↳ app/controllers/users_controller.rb:17:in `create'
[active_model_serializers] Rendered ActiveModel::Serializer::Null with Hash (0.67ms)
Completed 201 Created in 419ms (Views: 3.3ms | ActiveRecord: 5.1ms | Allocations: 7621)


Started POST "/login" for 127.0.0.1 at 2019-11-14 18:10:47 -0700
Processing by AuthController#create as */*
  Parameters: {"username"=>"Daemon", "password"=>"[FILTERED]", "auth"=>{"username"=>"Daemon", "password"=>"[FILTERED]"}}
  [1m[36mUser Load (0.4ms)[0m  [1m[34mSELECT "users".* FROM "users" WHERE "users"."username" = ? LIMIT ?[0m  [["username", "Daemon"], ["LIMIT", 1]]
  ↳ app/controllers/auth_controller.rb:5:in `create'
[active_model_serializers] Rendered ActiveModel::Serializer::Null with Hash (0.74ms)
Completed 202 Accepted in 388ms (Views: 1.6ms | ActiveRecord: 0.4ms | Allocations: 1484)


Started POST "/login" for 127.0.0.1 at 2019-11-14 18:39:34 -0700
  [1m[35m (0.5ms)[0m  [1m[34mSELECT sqlite_version(*)[0m
Processing by AuthController#create as */*
  Parameters: {"username"=>"Daemon", "password"=>"[FILTERED]", "auth"=>{"username"=>"Daemon", "password"=>"[FILTERED]"}}
  [1m[36mUser Load (0.5ms)[0m  [1m[34mSELECT "users".* FROM "users" WHERE "users"."username" = ? LIMIT ?[0m  [["username", "Daemon"], ["LIMIT", 1]]
  ↳ app/controllers/auth_controller.rb:5:in `create'
[active_model_serializers] Rendered ActiveModel::Serializer::Null with Hash (2.94ms)
Completed 202 Accepted in 401ms (Views: 7.9ms | ActiveRecord: 0.5ms | Allocations: 1016)


Started POST "/login" for 127.0.0.1 at 2019-11-14 18:41:02 -0700
Processing by AuthController#create as */*
  Parameters: {"username"=>"Daemon", "password"=>"[FILTERED]", "auth"=>{"username"=>"Daemon", "password"=>"[FILTERED]"}}
  [1m[36mUser Load (0.8ms)[0m  [1m[34mSELECT "users".* FROM "users" WHERE "users"."username" = ? LIMIT ?[0m  [["username", "Daemon"], ["LIMIT", 1]]
  ↳ app/controllers/auth_controller.rb:5:in `create'
[active_model_serializers] Rendered ActiveModel::Serializer::Null with Hash (2.52ms)
Completed 202 Accepted in 385ms (Views: 5.8ms | ActiveRecord: 0.8ms | Allocations: 1002)


Started POST "/login" for 127.0.0.1 at 2019-11-14 19:46:41 -0700
  [1m[35m (0.5ms)[0m  [1m[34mSELECT sqlite_version(*)[0m
Processing by AuthController#create as */*
  Parameters: {"username"=>"Daemon", "password"=>"[FILTERED]", "auth"=>{"username"=>"Daemon", "password"=>"[FILTERED]"}}
  [1m[36mUser Load (0.5ms)[0m  [1m[34mSELECT "users".* FROM "users" WHERE "users"."username" = ? LIMIT ?[0m  [["username", "Daemon"], ["LIMIT", 1]]
  ↳ app/controllers/auth_controller.rb:5:in `create'
[active_model_serializers] Rendered ActiveModel::Serializer::Null with Hash (2.71ms)
Completed 202 Accepted in 384ms (Views: 6.8ms | ActiveRecord: 0.5ms | Allocations: 1017)


Started POST "/login" for 127.0.0.1 at 2019-11-14 19:55:06 -0700
  [1m[35m (0.3ms)[0m  [1m[34mSELECT sqlite_version(*)[0m
Processing by AuthController#create as */*
  Parameters: {"username"=>"Yardmeat", "password"=>"[FILTERED]", "auth"=>{"username"=>"Yardmeat", "password"=>"[FILTERED]"}}
  [1m[36mUser Load (0.5ms)[0m  [1m[34mSELECT "users".* FROM "users" WHERE "users"."username" = ? LIMIT ?[0m  [["username", "Yardmeat"], ["LIMIT", 1]]
  ↳ app/controllers/auth_controller.rb:5:in `create'
[active_model_serializers] Rendered ActiveModel::Serializer::Null with Hash (2.79ms)
Completed 202 Accepted in 389ms (Views: 6.6ms | ActiveRecord: 0.5ms | Allocations: 1006)


Started POST "/login" for 127.0.0.1 at 2019-11-14 19:56:03 -0700
Processing by AuthController#create as */*
  Parameters: {"username"=>"Daemon", "password"=>"[FILTERED]", "auth"=>{"username"=>"Daemon", "password"=>"[FILTERED]"}}
  [1m[36mUser Load (0.5ms)[0m  [1m[34mSELECT "users".* FROM "users" WHERE "users"."username" = ? LIMIT ?[0m  [["username", "Daemon"], ["LIMIT", 1]]
  ↳ app/controllers/auth_controller.rb:5:in `create'
[active_model_serializers] Rendered ActiveModel::Serializer::Null with Hash (0.56ms)
Completed 202 Accepted in 382ms (Views: 1.3ms | ActiveRecord: 0.5ms | Allocations: 986)


Started POST "/login" for 127.0.0.1 at 2019-11-14 19:57:35 -0700
Processing by AuthController#create as */*
  Parameters: {"username"=>"Daemon", "password"=>"[FILTERED]", "auth"=>{"username"=>"Daemon", "password"=>"[FILTERED]"}}
  [1m[36mUser Load (0.4ms)[0m  [1m[34mSELECT "users".* FROM "users" WHERE "users"."username" = ? LIMIT ?[0m  [["username", "Daemon"], ["LIMIT", 1]]
  ↳ app/controllers/auth_controller.rb:5:in `create'
[active_model_serializers] Rendered ActiveModel::Serializer::Null with Hash (2.99ms)
Completed 202 Accepted in 386ms (Views: 6.6ms | ActiveRecord: 0.4ms | Allocations: 989)


Started POST "/login" for 127.0.0.1 at 2019-11-14 19:58:04 -0700
Processing by AuthController#create as */*
  Parameters: {"username"=>"Daemon", "password"=>"[FILTERED]", "auth"=>{"username"=>"Daemon", "password"=>"[FILTERED]"}}
  [1m[36mUser Load (0.2ms)[0m  [1m[34mSELECT "users".* FROM "users" WHERE "users"."username" = ? LIMIT ?[0m  [["username", "Daemon"], ["LIMIT", 1]]
  ↳ app/controllers/auth_controller.rb:5:in `create'
[active_model_serializers] Rendered ActiveModel::Serializer::Null with Hash (0.73ms)
Completed 202 Accepted in 460ms (Views: 89.5ms | ActiveRecord: 0.2ms | Allocations: 988)


Started POST "/login" for 127.0.0.1 at 2019-11-14 20:01:03 -0700
Processing by AuthController#create as */*
  Parameters: {"username"=>"Yardmeat", "password"=>"[FILTERED]", "auth"=>{"username"=>"Yardmeat", "password"=>"[FILTERED]"}}
  [1m[36mUser Load (0.7ms)[0m  [1m[34mSELECT "users".* FROM "users" WHERE "users"."username" = ? LIMIT ?[0m  [["username", "Yardmeat"], ["LIMIT", 1]]
  ↳ app/controllers/auth_controller.rb:5:in `create'
[active_model_serializers] Rendered ActiveModel::Serializer::Null with Hash (0.62ms)
Completed 202 Accepted in 375ms (Views: 1.6ms | ActiveRecord: 0.7ms | Allocations: 988)


Started POST "/login" for 127.0.0.1 at 2019-11-14 20:26:34 -0700
  [1m[35m (0.2ms)[0m  [1m[34mSELECT sqlite_version(*)[0m
Processing by AuthController#create as */*
  Parameters: {"username"=>"Damon", "password"=>"[FILTERED]", "auth"=>{"username"=>"Damon", "password"=>"[FILTERED]"}}
  [1m[36mUser Load (0.6ms)[0m  [1m[34mSELECT "users".* FROM "users" WHERE "users"."username" = ? LIMIT ?[0m  [["username", "Damon"], ["LIMIT", 1]]
  ↳ app/controllers/auth_controller.rb:5:in `create'
[active_model_serializers] Rendered ActiveModel::Serializer::Null with Hash (0.19ms)
Completed 401 Unauthorized in 7ms (Views: 1.7ms | ActiveRecord: 0.6ms | Allocations: 726)


Started POST "/login" for 127.0.0.1 at 2019-11-14 20:27:00 -0700
Processing by AuthController#create as */*
  Parameters: {"username"=>"Daemon", "password"=>"[FILTERED]", "auth"=>{"username"=>"Daemon", "password"=>"[FILTERED]"}}
  [1m[36mUser Load (0.2ms)[0m  [1m[34mSELECT "users".* FROM "users" WHERE "users"."username" = ? LIMIT ?[0m  [["username", "Daemon"], ["LIMIT", 1]]
  ↳ app/controllers/auth_controller.rb:5:in `create'
[active_model_serializers] Rendered ActiveModel::Serializer::Null with Hash (1.35ms)
Completed 202 Accepted in 376ms (Views: 2.3ms | ActiveRecord: 0.2ms | Allocations: 985)


Started POST "/login" for 127.0.0.1 at 2019-11-14 20:33:14 -0700
  [1m[35m (0.3ms)[0m  [1m[34mSELECT sqlite_version(*)[0m
Processing by AuthController#create as */*
  Parameters: {"username"=>"damon", "password"=>"[FILTERED]", "auth"=>{"username"=>"damon", "password"=>"[FILTERED]"}}
  [1m[36mUser Load (0.7ms)[0m  [1m[34mSELECT "users".* FROM "users" WHERE "users"."username" = ? LIMIT ?[0m  [["username", "damon"], ["LIMIT", 1]]
  ↳ app/controllers/auth_controller.rb:5:in `create'
[active_model_serializers] Rendered ActiveModel::Serializer::Null with Hash (0.5ms)
Completed 401 Unauthorized in 13ms (Views: 4.5ms | ActiveRecord: 0.7ms | Allocations: 726)


Started POST "/login" for 127.0.0.1 at 2019-11-14 20:33:22 -0700
Processing by AuthController#create as */*
  Parameters: {"username"=>"Daemon", "password"=>"[FILTERED]", "auth"=>{"username"=>"Daemon", "password"=>"[FILTERED]"}}
  [1m[36mUser Load (0.3ms)[0m  [1m[34mSELECT "users".* FROM "users" WHERE "users"."username" = ? LIMIT ?[0m  [["username", "Daemon"], ["LIMIT", 1]]
  ↳ app/controllers/auth_controller.rb:5:in `create'
[active_model_serializers] Rendered ActiveModel::Serializer::Null with Hash (2.2ms)
Completed 202 Accepted in 375ms (Views: 3.2ms | ActiveRecord: 0.3ms | Allocations: 989)


Started POST "/login" for 127.0.0.1 at 2019-11-14 20:50:02 -0700
  [1m[35m (0.1ms)[0m  [1m[34mSELECT sqlite_version(*)[0m
Processing by AuthController#create as */*
  Parameters: {"username"=>"Yardmeat", "password"=>"[FILTERED]", "auth"=>{"username"=>"Yardmeat", "password"=>"[FILTERED]"}}
  [1m[36mUser Load (0.7ms)[0m  [1m[34mSELECT "users".* FROM "users" WHERE "users"."username" = ? LIMIT ?[0m  [["username", "Yardmeat"], ["LIMIT", 1]]
  ↳ app/controllers/auth_controller.rb:5:in `create'
[active_model_serializers] Rendered ActiveModel::Serializer::Null with Hash (0.78ms)
Completed 202 Accepted in 377ms (Views: 2.0ms | ActiveRecord: 0.7ms | Allocations: 1005)


Started POST "/login" for 127.0.0.1 at 2019-11-14 20:50:12 -0700
Processing by AuthController#create as */*
  Parameters: {"username"=>"Yardmeat", "password"=>"[FILTERED]", "auth"=>{"username"=>"Yardmeat", "password"=>"[FILTERED]"}}
  [1m[36mUser Load (0.2ms)[0m  [1m[34mSELECT "users".* FROM "users" WHERE "users"."username" = ? LIMIT ?[0m  [["username", "Yardmeat"], ["LIMIT", 1]]
  ↳ app/controllers/auth_controller.rb:5:in `create'
[active_model_serializers] Rendered ActiveModel::Serializer::Null with Hash (0.58ms)
Completed 202 Accepted in 357ms (Views: 1.5ms | ActiveRecord: 0.2ms | Allocations: 986)


Started POST "/login" for 127.0.0.1 at 2019-11-14 20:52:15 -0700
Processing by AuthController#create as */*
  Parameters: {"username"=>"Daemon", "password"=>"[FILTERED]", "auth"=>{"username"=>"Daemon", "password"=>"[FILTERED]"}}
  [1m[36mUser Load (0.5ms)[0m  [1m[34mSELECT "users".* FROM "users" WHERE "users"."username" = ? LIMIT ?[0m  [["username", "Daemon"], ["LIMIT", 1]]
  ↳ app/controllers/auth_controller.rb:5:in `create'
[active_model_serializers] Rendered ActiveModel::Serializer::Null with Hash (2.39ms)
Completed 202 Accepted in 388ms (Views: 5.5ms | ActiveRecord: 0.5ms | Allocations: 985)


Started POST "/login" for 127.0.0.1 at 2019-11-14 20:54:38 -0700
Processing by AuthController#create as */*
  Parameters: {"username"=>"Yardmeat", "password"=>"[FILTERED]", "auth"=>{"username"=>"Yardmeat", "password"=>"[FILTERED]"}}
  [1m[36mUser Load (1.1ms)[0m  [1m[34mSELECT "users".* FROM "users" WHERE "users"."username" = ? LIMIT ?[0m  [["username", "Yardmeat"], ["LIMIT", 1]]
  ↳ app/controllers/auth_controller.rb:5:in `create'
[active_model_serializers] Rendered ActiveModel::Serializer::Null with Hash (0.98ms)
Completed 202 Accepted in 370ms (Views: 1.8ms | ActiveRecord: 1.1ms | Allocations: 985)


Started POST "/login" for 127.0.0.1 at 2019-11-14 20:58:41 -0700
Processing by AuthController#create as */*
  Parameters: {"username"=>"Daemon", "password"=>"[FILTERED]", "auth"=>{"username"=>"Daemon", "password"=>"[FILTERED]"}}
  [1m[36mUser Load (0.5ms)[0m  [1m[34mSELECT "users".* FROM "users" WHERE "users"."username" = ? LIMIT ?[0m  [["username", "Daemon"], ["LIMIT", 1]]
  ↳ app/controllers/auth_controller.rb:5:in `create'
[active_model_serializers] Rendered ActiveModel::Serializer::Null with Hash (1.11ms)
Completed 202 Accepted in 392ms (Views: 2.1ms | ActiveRecord: 0.5ms | Allocations: 985)


Started POST "/login" for 127.0.0.1 at 2019-11-14 21:02:10 -0700
Processing by AuthController#create as */*
  Parameters: {"username"=>"Yardmeat", "password"=>"[FILTERED]", "auth"=>{"username"=>"Yardmeat", "password"=>"[FILTERED]"}}
  [1m[36mUser Load (0.2ms)[0m  [1m[34mSELECT "users".* FROM "users" WHERE "users"."username" = ? LIMIT ?[0m  [["username", "Yardmeat"], ["LIMIT", 1]]
  ↳ app/controllers/auth_controller.rb:5:in `create'
[active_model_serializers] Rendered ActiveModel::Serializer::Null with Hash (0.68ms)
Completed 202 Accepted in 419ms (Views: 1.4ms | ActiveRecord: 0.2ms | Allocations: 986)


